<?xml version='1.0'?>
<ns2:test-suite xmlns:ns2='urn:model.allure.qatools.yandex.ru' start='1618657626546' stop='1618657626562'>
    <name>Performing a login: Login with default user</name>
    <title>Performing a login: Login with default user</title>
    <test-cases>
        <test-case start='1618657626548' status='passed' stop='1618657626553'>
            <name></name>
            <title></title>
            <labels>
                <label name='language' value='javascript'/>
                <label name='framework' value='wdio'/>
                <label name='thread' value='0-0'/>
            </labels>
            <parameters>
                <parameter kind='argument' name='browser' value='chrome-90.0.4430.72'/>
            </parameters>
            <steps/>
            <attachments/>
        </test-case>
        <test-case start='1618657626554' status='broken' stop='1618657626557'>
            <name>When I login with a default user</name>
            <title>When I login with a default user</title>
            <labels>
                <label name='language' value='javascript'/>
                <label name='framework' value='wdio'/>
                <label name='thread' value='0-0'/>
            </labels>
            <parameters>
                <parameter kind='argument' name='browser' value='chrome-90.0.4430.72'/>
            </parameters>
            <steps/>
            <attachments/>
            <failure>
                <message>Step "I login with a default user" is not defined. You can ignore this error by setting cucumberOpts.ignoreUndefinedDefinitions as true.</message>
                <stack-trace>Step "I login with a default user" is not defined. You can ignore this error by setting cucumberOpts.ignoreUndefinedDefinitions as true.
                	at Feature(C:\Automation\webdriver-io-practice\features\login.feature):1:1
                	at Scenario(Login with default user):5:1
                	at Step(I login with a default user):6:1
                </stack-trace>
            </failure>
        </test-case>
        <test-case start='1618657626557' status='broken' stop='1618657626558'>
            <name>Then I shall be on the Flight Finder page</name>
            <title>Then I shall be on the Flight Finder page</title>
            <labels>
                <label name='language' value='javascript'/>
                <label name='framework' value='wdio'/>
                <label name='thread' value='0-0'/>
            </labels>
            <parameters>
                <parameter kind='argument' name='browser' value='chrome-90.0.4430.72'/>
            </parameters>
            <steps/>
            <attachments/>
            <failure>
                <message>Step "I shall be on the Flight Finder page" is not defined. You can ignore this error by setting cucumberOpts.ignoreUndefinedDefinitions as true.</message>
                <stack-trace>Step "I shall be on the Flight Finder page" is not defined. You can ignore this error by setting cucumberOpts.ignoreUndefinedDefinitions as true.
                	at Feature(C:\Automation\webdriver-io-practice\features\login.feature):1:1
                	at Scenario(Login with default user):5:1
                	at Step(I shall be on the Flight Finder page):7:1
                </stack-trace>
            </failure>
        </test-case>
        <test-case start='1618657626558' status='passed' stop='1618657626559'>
            <name></name>
            <title></title>
            <labels>
                <label name='language' value='javascript'/>
                <label name='framework' value='wdio'/>
                <label name='thread' value='0-0'/>
            </labels>
            <parameters>
                <parameter kind='argument' name='browser' value='chrome-90.0.4430.72'/>
            </parameters>
            <steps/>
            <attachments/>
        </test-case>
    </test-cases>
</ns2:test-suite>